2020-10-25 17:29:57.6732 DEBUG Version: 4.0.30319.42000
2020-10-25 17:29:57.7041 DEBUG OS: Microsoft Windows NT 6.2.9200.0
2020-10-25 17:29:57.7041 DEBUG Command: "C:\Read1C_financial_doc\ConsoleApp16\bin\x86\Debug\ConsoleApp16.exe" 
2020-10-25 17:29:57.7041 DEBUG Обнаружено 0
2020-10-25 17:30:13.3346 DEBUG Version: 4.0.30319.42000
2020-10-25 17:30:13.3706 DEBUG OS: Microsoft Windows NT 6.2.9200.0
2020-10-25 17:30:13.3796 DEBUG Command: "C:\Read1C_financial_doc\ConsoleApp16\bin\x86\Debug\ConsoleApp16.exe" 
2020-10-25 17:30:13.3796 DEBUG Обнаружено 0 файлов
2020-10-25 17:30:38.1260 DEBUG Version: 4.0.30319.42000
2020-10-25 17:30:38.1590 DEBUG OS: Microsoft Windows NT 6.2.9200.0
2020-10-25 17:30:38.1590 DEBUG Command: "C:\Read1C_financial_doc\ConsoleApp16\bin\x86\Debug\ConsoleApp16.exe" 
2020-10-25 17:30:38.1590 DEBUG Обнаружено 3 файлов
2020-10-25 17:30:38.1770 DEBUG Обнаружен файл C:\Temp1\in\1c_102 — копия (2) — копия.txt
2020-10-25 17:30:38.1770 DEBUG Обнаружен файл C:\Temp1\in\1c_102 — копия (2).txt
2020-10-25 17:30:38.1920 DEBUG Обнаружен файл C:\Temp1\in\1c_102 — копия (3) — копия.txt
2020-10-25 17:30:38.1920 DEBUG Файл C:\Temp1\in\1c_102 — копия (2) — копия.txt
2020-10-25 17:30:38.2080 DEBUG Чтение данных
2020-10-25 17:30:38.2080 DEBUG ВерсияФормата 1.01
2020-10-25 17:30:38.2240 DEBUG Кодировка Windows
2020-10-25 17:30:38.2240 DEBUG Отправитель Номер 3
2020-10-25 17:30:38.2350 DEBUG Получатель Номер 1
2020-10-25 17:30:38.2729 DEBUG ДатаСоздания 17.02.2018
2020-10-25 17:30:38.2819 DEBUG ВремяСоздания 13:44:20
2020-10-25 17:30:38.3009 DEBUG ДатаНачала 17.02.2015
2020-10-25 17:30:38.3289 DEBUG ДатаКонца 17.02.2015
2020-10-25 17:30:38.3289 DEBUG РасчСчет 40703810159000001037
2020-10-25 17:30:38.3289 DEBUG Документ Платежное поручение
2020-10-25 17:30:38.3459 DEBUG СекцияДокумент Платежное поручение
2020-10-25 17:30:38.3459 DEBUG Номер 1
2020-10-25 17:30:38.3459 DEBUG Дата 17.02.2015
2020-10-25 17:30:38.3609 DEBUG Сумма 500.00
2020-10-25 17:30:38.3609 DEBUG ПлательщикСчет 40703810159000001037
2020-10-25 17:30:38.3609 DEBUG ПлательщикИНН 6730004930
2020-10-25 17:30:38.3609 DEBUG ПлательщикКПП 673001001
2020-10-25 17:30:38.3789 DEBUG Плательщик ИНН 6730004930\673001001 СОО ВОИ
2020-10-25 17:30:38.3789 DEBUG Плательщик1 СОО ВОИ
2020-10-25 17:30:38.3789 DEBUG ПлательщикРасчСчет 40703810159000001037
2020-10-25 17:30:38.3939 DEBUG ПлательщикБанк1 Отделение №8609 Сбербанка России
2020-10-25 17:30:38.3939 DEBUG ПлательщикБанк2 г. Смоленск, ул. Коммунистическая, д.8\5
2020-10-25 17:30:38.3939 DEBUG ПлательщикБИК 046614632
2020-10-25 17:30:38.4138 DEBUG ПлательщикКорсчет 30101810000000000632
2020-10-25 17:30:38.4138 DEBUG ПолучательСчет 40802810159300002828
2020-10-25 17:30:38.4298 DEBUG ПолучательИНН 673100193232
2020-10-25 17:30:38.4298 DEBUG Получатель ИНН 673100193232 ИП Левановский Андрей Васильевич
2020-10-25 17:30:38.4428 DEBUG Получатель1 ИП Левановский Андрей Васильевич
2020-10-25 17:30:38.4428 DEBUG ПолучательРасчСчет 40802810159300002828
2020-10-25 17:30:38.4538 DEBUG ПолучательБанк1 Отделение № 8609 Сбербанка России
2020-10-25 17:30:38.4538 DEBUG ПолучательБанк2 г.Смоленск
2020-10-25 17:30:38.4538 DEBUG ПолучательБИК 046614632
2020-10-25 17:30:38.4698 DEBUG ПолучательКорсчет 30101810000000000632
2020-10-25 17:30:38.4698 DEBUG ВидПлатежа Электронно
2020-10-25 17:30:38.4698 DEBUG ВидОплаты 01
2020-10-25 17:30:38.4698 DEBUG Очередность 5
2020-10-25 17:30:38.4888 DEBUG НазначениеПлатежа Оплата по счету № 011274 от 04.12.2014 г. за воду питьевую бутилированную.НДС не облагается
2020-10-25 17:30:38.4888 DEBUG НазначениеПлатежа1 Оплата по счету № 011274 от 04.12.2014 г. за воду
2020-10-25 17:30:38.4888 DEBUG НазначениеПлатежа2 питьевую бутилированную.НДС не облагается
2020-10-25 17:30:38.5048 DEBUG Файл C:\Temp1\in\1c_102 — копия (2).txt
2020-10-25 17:30:38.5048 DEBUG Чтение данных
2020-10-25 17:30:38.5188 DEBUG ВерсияФормата 1.01
2020-10-25 17:30:38.5188 DEBUG Кодировка Windows
2020-10-25 17:30:38.5188 DEBUG Отправитель Номер 3
2020-10-25 17:30:38.5368 DEBUG Получатель Номер 1
2020-10-25 17:30:38.5368 DEBUG ДатаСоздания 17.02.2018
2020-10-25 17:30:38.5518 DEBUG ВремяСоздания 13:44:20
2020-10-25 17:30:38.5518 DEBUG ДатаНачала 17.02.2015
2020-10-25 17:30:38.5678 DEBUG ДатаКонца 17.02.2015
2020-10-25 17:30:38.5678 DEBUG РасчСчет 40703810159000001037
2020-10-25 17:30:38.5817 DEBUG Документ Платежное поручение
2020-10-25 17:30:38.5817 DEBUG СекцияДокумент Платежное поручение
2020-10-25 17:30:38.5947 DEBUG Номер 1
2020-10-25 17:30:38.5947 DEBUG Дата 17.02.2015
2020-10-25 17:30:38.5947 DEBUG Сумма 500.00
2020-10-25 17:30:38.6147 DEBUG ПлательщикСчет 40703810159000001037
2020-10-25 17:30:38.6147 DEBUG ПлательщикИНН 6730004930
2020-10-25 17:30:38.6277 DEBUG ПлательщикКПП 673001001
2020-10-25 17:30:38.6277 DEBUG Плательщик ИНН 6730004930\673001001 СОО ВОИ
2020-10-25 17:30:38.6437 DEBUG Плательщик1 СОО ВОИ
2020-10-25 17:30:38.6437 DEBUG ПлательщикРасчСчет 40703810159000001037
2020-10-25 17:30:38.6567 DEBUG ПлательщикБанк1 Отделение №8609 Сбербанка России
2020-10-25 17:30:38.6567 DEBUG ПлательщикБанк2 г. Смоленск, ул. Коммунистическая, д.8\5
2020-10-25 17:30:38.6567 DEBUG ПлательщикБИК 046614632
2020-10-25 17:30:38.6727 DEBUG ПлательщикКорсчет 30101810000000000632
2020-10-25 17:30:38.6727 DEBUG ПолучательСчет 40802810159300002828
2020-10-25 17:30:38.6727 DEBUG ПолучательИНН 673100193232
2020-10-25 17:30:38.6927 DEBUG Получатель ИНН 673100193232 ИП Левановский Андрей Васильевич
2020-10-25 17:30:38.6927 DEBUG Получатель1 ИП Левановский Андрей Васильевич
2020-10-25 17:30:38.7087 DEBUG ПолучательРасчСчет 40802810159300002828
2020-10-25 17:30:38.7087 DEBUG ПолучательБанк1 Отделение № 8609 Сбербанка России
2020-10-25 17:30:38.7247 DEBUG ПолучательБанк2 г.Смоленск
2020-10-25 17:30:38.7247 DEBUG ПолучательБИК 046614632
2020-10-25 17:30:38.7366 DEBUG ПолучательКорсчет 30101810000000000632
2020-10-25 17:30:38.7366 DEBUG ВидПлатежа Электронно
2020-10-25 17:30:38.7366 DEBUG ВидОплаты 01
2020-10-25 17:30:38.7526 DEBUG Очередность 5
2020-10-25 17:30:38.7526 DEBUG НазначениеПлатежа Оплата по счету № 011274 от 04.12.2014 г. за воду питьевую бутилированную.НДС не облагается
2020-10-25 17:30:38.7526 DEBUG НазначениеПлатежа1 Оплата по счету № 011274 от 04.12.2014 г. за воду
2020-10-25 17:30:38.7696 DEBUG НазначениеПлатежа2 питьевую бутилированную.НДС не облагается
2020-10-25 17:30:38.7696 DEBUG Файл C:\Temp1\in\1c_102 — копия (3) — копия.txt
2020-10-25 17:30:38.7816 DEBUG Чтение данных
2020-10-25 17:30:38.7816 DEBUG ВерсияФормата 1.01
2020-10-25 17:30:38.7816 DEBUG Кодировка Windows
2020-10-25 17:30:38.7986 DEBUG Отправитель Номер 3
2020-10-25 17:30:38.7986 DEBUG Получатель Номер 1
2020-10-25 17:30:38.7986 DEBUG ДатаСоздания 17.02.2018
2020-10-25 17:30:38.8166 DEBUG ВремяСоздания 13:44:20
2020-10-25 17:30:38.8166 DEBUG ДатаНачала 17.02.2015
2020-10-25 17:30:38.8286 DEBUG ДатаКонца 17.02.2015
2020-10-25 17:30:38.8286 DEBUG РасчСчет 40703810159000001037
2020-10-25 17:30:38.8286 DEBUG Документ Платежное поручение
2020-10-25 17:30:38.8466 DEBUG СекцияДокумент Платежное поручение
2020-10-25 17:30:38.8466 DEBUG Номер 1
2020-10-25 17:30:38.8636 DEBUG Дата 17.02.2015
2020-10-25 17:30:38.8636 DEBUG Сумма 500.00
2020-10-25 17:30:38.8776 DEBUG ПлательщикСчет 40703810159000001037
2020-10-25 17:30:38.8776 DEBUG ПлательщикИНН 6730004930
2020-10-25 17:30:38.8776 DEBUG ПлательщикКПП 673001001
2020-10-25 17:30:38.8985 DEBUG Плательщик ИНН 6730004930\673001001 СОО ВОИ
2020-10-25 17:30:38.8985 DEBUG Плательщик1 СОО ВОИ
2020-10-25 17:30:38.9095 DEBUG ПлательщикРасчСчет 40703810159000001037
2020-10-25 17:30:38.9095 DEBUG ПлательщикБанк1 Отделение №8609 Сбербанка России
2020-10-25 17:30:38.9235 DEBUG ПлательщикБанк2 г. Смоленск, ул. Коммунистическая, д.8\5
2020-10-25 17:30:38.9235 DEBUG ПлательщикБИК 046614632
2020-10-25 17:30:38.9235 DEBUG ПлательщикКорсчет 30101810000000000632
2020-10-25 17:30:38.9405 DEBUG ПолучательСчет 40802810159300002828
2020-10-25 17:30:38.9405 DEBUG ПолучательИНН 673100193232
2020-10-25 17:30:38.9405 DEBUG Получатель ИНН 673100193232 ИП Левановский Андрей Васильевич
2020-10-25 17:30:38.9585 DEBUG Получатель1 ИП Левановский Андрей Васильевич
2020-10-25 17:30:38.9585 DEBUG ПолучательРасчСчет 40802810159300002828
2020-10-25 17:30:38.9705 DEBUG ПолучательБанк1 Отделение № 8609 Сбербанка России
2020-10-25 17:30:38.9705 DEBUG ПолучательБанк2 г.Смоленск
2020-10-25 17:30:38.9705 DEBUG ПолучательБИК 046614632
2020-10-25 17:30:38.9885 DEBUG ПолучательКорсчет 30101810000000000632
2020-10-25 17:30:38.9885 DEBUG ВидПлатежа Электронно
2020-10-25 17:30:39.0005 DEBUG ВидОплаты 01
2020-10-25 17:30:39.0005 DEBUG Очередность 5
2020-10-25 17:30:39.0005 DEBUG НазначениеПлатежа Оплата по счету № 011274 от 04.12.2014 г. за воду питьевую бутилированную.НДС не облагается
2020-10-25 17:30:39.0195 DEBUG НазначениеПлатежа1 Оплата по счету № 011274 от 04.12.2014 г. за воду
2020-10-25 17:30:39.0195 DEBUG НазначениеПлатежа2 питьевую бутилированную.НДС не облагается
2020-10-25 17:31:09.9021 DEBUG Version: 4.0.30319.42000
2020-10-25 17:31:09.9351 DEBUG OS: Microsoft Windows NT 6.2.9200.0
2020-10-25 17:31:09.9421 DEBUG Command: "C:\Read1C_financial_doc\ConsoleApp16\bin\x86\Debug\ConsoleApp16.exe" 
2020-10-25 17:31:09.9421 DEBUG Обнаружено 3 файлов
2020-10-25 17:31:09.9581 DEBUG Обнаружен файл C:\Temp1\in\1c_102 — копия (2) — копия.txt
2020-10-25 17:31:09.9581 DEBUG Обнаружен файл C:\Temp1\in\1c_102 — копия (2).txt
2020-10-25 17:31:09.9700 DEBUG Обнаружен файл C:\Temp1\in\1c_102 — копия (3) — копия.txt
2020-10-25 17:31:09.9700 DEBUG Файл C:\Temp1\in\1c_102 — копия (2) — копия.txt
2020-10-25 17:31:09.9700 DEBUG Чтение данных
2020-10-25 17:31:09.9910 DEBUG ВерсияФормата 1.01
2020-10-25 17:31:09.9910 DEBUG Кодировка Windows
2020-10-25 17:31:10.0030 DEBUG Отправитель Номер 3
2020-10-25 17:31:10.0030 DEBUG Получатель Номер 1
2020-10-25 17:31:10.0030 DEBUG ДатаСоздания 17.02.2018
2020-10-25 17:31:10.0210 DEBUG ВремяСоздания 13:44:20
2020-10-25 17:31:10.0210 DEBUG ДатаНачала 17.02.2015
2020-10-25 17:31:10.0330 DEBUG ДатаКонца 17.02.2015
2020-10-25 17:31:10.0330 DEBUG РасчСчет 40703810159000001037
2020-10-25 17:31:10.0330 DEBUG Документ Платежное поручение
2020-10-25 17:31:10.0510 DEBUG СекцияДокумент Платежное поручение
2020-10-25 17:31:10.0510 DEBUG Номер 1
2020-10-25 17:31:10.0630 DEBUG Дата 17.02.2015
2020-10-25 17:31:10.0630 DEBUG Сумма 500.00
2020-10-25 17:31:10.0630 DEBUG ПлательщикСчет 40703810159000001037
2020-10-25 17:31:10.0820 DEBUG ПлательщикИНН 6730004930
2020-10-25 17:31:10.0820 DEBUG ПлательщикКПП 673001001
2020-10-25 17:31:10.1000 DEBUG Плательщик ИНН 6730004930\673001001 СОО ВОИ
2020-10-25 17:31:10.1000 DEBUG Плательщик1 СОО ВОИ
2020-10-25 17:31:10.1130 DEBUG ПлательщикРасчСчет 40703810159000001037
2020-10-25 17:31:10.1130 DEBUG ПлательщикБанк1 Отделение №8609 Сбербанка России
2020-10-25 17:31:10.1130 DEBUG ПлательщикБанк2 г. Смоленск, ул. Коммунистическая, д.8\5
2020-10-25 17:31:10.1300 DEBUG ПлательщикБИК 046614632
2020-10-25 17:31:10.1300 DEBUG ПлательщикКорсчет 30101810000000000632
2020-10-25 17:31:10.1300 DEBUG ПолучательСчет 40802810159300002828
2020-10-25 17:31:10.1469 DEBUG ПолучательИНН 673100193232
2020-10-25 17:31:10.1469 DEBUG Получатель ИНН 673100193232 ИП Левановский Андрей Васильевич
2020-10-25 17:31:10.1579 DEBUG Получатель1 ИП Левановский Андрей Васильевич
2020-10-25 17:31:10.1579 DEBUG ПолучательРасчСчет 40802810159300002828
2020-10-25 17:31:10.1579 DEBUG ПолучательБанк1 Отделение № 8609 Сбербанка России
2020-10-25 17:31:10.1749 DEBUG ПолучательБанк2 г.Смоленск
2020-10-25 17:31:10.1749 DEBUG ПолучательБИК 046614632
2020-10-25 17:31:10.1749 DEBUG ПолучательКорсчет 30101810000000000632
2020-10-25 17:31:10.1919 DEBUG ВидПлатежа Электронно
2020-10-25 17:31:10.1919 DEBUG ВидОплаты 01
2020-10-25 17:31:10.1919 DEBUG Очередность 5
2020-10-25 17:31:10.2099 DEBUG НазначениеПлатежа Оплата по счету № 011274 от 04.12.2014 г. за воду питьевую бутилированную.НДС не облагается
2020-10-25 17:31:10.2099 DEBUG НазначениеПлатежа1 Оплата по счету № 011274 от 04.12.2014 г. за воду
2020-10-25 17:31:10.2259 DEBUG НазначениеПлатежа2 питьевую бутилированную.НДС не облагается
2020-10-25 17:31:10.2259 DEBUG Файл C:\Temp1\in\1c_102 — копия (2).txt
2020-10-25 17:31:10.2429 DEBUG Чтение данных
2020-10-25 17:31:10.2429 DEBUG ВерсияФормата 1.01
2020-10-25 17:31:10.2539 DEBUG Кодировка Windows
2020-10-25 17:31:10.2539 DEBUG Отправитель Номер 3
2020-10-25 17:31:10.2539 DEBUG Получатель Номер 1
2020-10-25 17:31:10.2699 DEBUG ДатаСоздания 17.02.2018
2020-10-25 17:31:10.2699 DEBUG ВремяСоздания 13:44:20
2020-10-25 17:31:10.2699 DEBUG ДатаНачала 17.02.2015
2020-10-25 17:31:10.2859 DEBUG ДатаКонца 17.02.2015
2020-10-25 17:31:10.2859 DEBUG РасчСчет 40703810159000001037
2020-10-25 17:31:10.2859 DEBUG Документ Платежное поручение
2020-10-25 17:31:10.3008 DEBUG СекцияДокумент Платежное поручение
2020-10-25 17:31:10.3008 DEBUG Номер 1
2020-10-25 17:31:10.3008 DEBUG Дата 17.02.2015
2020-10-25 17:31:10.3148 DEBUG Сумма 500.00
2020-10-25 17:31:10.3148 DEBUG ПлательщикСчет 40703810159000001037
2020-10-25 17:31:10.3148 DEBUG ПлательщикИНН 6730004930
2020-10-25 17:31:10.3148 DEBUG ПлательщикКПП 673001001
2020-10-25 17:31:10.3328 DEBUG Плательщик ИНН 6730004930\673001001 СОО ВОИ
2020-10-25 17:31:10.3328 DEBUG Плательщик1 СОО ВОИ
2020-10-25 17:31:10.3328 DEBUG ПлательщикРасчСчет 40703810159000001037
2020-10-25 17:31:10.3468 DEBUG ПлательщикБанк1 Отделение №8609 Сбербанка России
2020-10-25 17:31:10.3468 DEBUG ПлательщикБанк2 г. Смоленск, ул. Коммунистическая, д.8\5
2020-10-25 17:31:10.3598 DEBUG ПлательщикБИК 046614632
2020-10-25 17:31:10.3598 DEBUG ПлательщикКорсчет 30101810000000000632
2020-10-25 17:31:10.3598 DEBUG ПолучательСчет 40802810159300002828
2020-10-25 17:31:10.3788 DEBUG ПолучательИНН 673100193232
2020-10-25 17:31:10.3788 DEBUG Получатель ИНН 673100193232 ИП Левановский Андрей Васильевич
2020-10-25 17:31:10.3788 DEBUG Получатель1 ИП Левановский Андрей Васильевич
2020-10-25 17:31:10.3958 DEBUG ПолучательРасчСчет 40802810159300002828
2020-10-25 17:31:10.3958 DEBUG ПолучательБанк1 Отделение № 8609 Сбербанка России
2020-10-25 17:31:10.3958 DEBUG ПолучательБанк2 г.Смоленск
2020-10-25 17:31:10.4098 DEBUG ПолучательБИК 046614632
2020-10-25 17:31:10.4098 DEBUG ПолучательКорсчет 30101810000000000632
2020-10-25 17:31:10.4098 DEBUG ВидПлатежа Электронно
2020-10-25 17:31:10.4248 DEBUG ВидОплаты 01
2020-10-25 17:31:10.4248 DEBUG Очередность 5
2020-10-25 17:31:10.4248 DEBUG НазначениеПлатежа Оплата по счету № 011274 от 04.12.2014 г. за воду питьевую бутилированную.НДС не облагается
2020-10-25 17:31:10.4388 DEBUG НазначениеПлатежа1 Оплата по счету № 011274 от 04.12.2014 г. за воду
2020-10-25 17:31:10.4388 DEBUG НазначениеПлатежа2 питьевую бутилированную.НДС не облагается
2020-10-25 17:31:10.4388 DEBUG Файл C:\Temp1\in\1c_102 — копия (3) — копия.txt
2020-10-25 17:31:10.4538 DEBUG Чтение данных
2020-10-25 17:31:10.4538 DEBUG ВерсияФормата 1.01
2020-10-25 17:31:10.4538 DEBUG Кодировка Windows
2020-10-25 17:31:10.4538 DEBUG Отправитель Номер 3
2020-10-25 17:31:10.4727 DEBUG Получатель Номер 1
2020-10-25 17:31:10.4727 DEBUG ДатаСоздания 17.02.2018
2020-10-25 17:31:10.4727 DEBUG ВремяСоздания 13:44:20
2020-10-25 17:31:10.4867 DEBUG ДатаНачала 17.02.2015
2020-10-25 17:31:10.4867 DEBUG ДатаКонца 17.02.2015
2020-10-25 17:31:10.4867 DEBUG РасчСчет 40703810159000001037
2020-10-25 17:31:10.5017 DEBUG Документ Платежное поручение
2020-10-25 17:31:10.5017 DEBUG СекцияДокумент Платежное поручение
2020-10-25 17:31:10.5017 DEBUG Номер 1
2020-10-25 17:31:10.5197 DEBUG Дата 17.02.2015
2020-10-25 17:31:10.5197 DEBUG Сумма 500.00
2020-10-25 17:31:10.5197 DEBUG ПлательщикСчет 40703810159000001037
2020-10-25 17:31:10.5347 DEBUG ПлательщикИНН 6730004930
2020-10-25 17:31:10.5347 DEBUG ПлательщикКПП 673001001
2020-10-25 17:31:10.5347 DEBUG Плательщик ИНН 6730004930\673001001 СОО ВОИ
2020-10-25 17:31:10.5487 DEBUG Плательщик1 СОО ВОИ
2020-10-25 17:31:10.5487 DEBUG ПлательщикРасчСчет 40703810159000001037
2020-10-25 17:31:10.5487 DEBUG ПлательщикБанк1 Отделение №8609 Сбербанка России
2020-10-25 17:31:10.5487 DEBUG ПлательщикБанк2 г. Смоленск, ул. Коммунистическая, д.8\5
2020-10-25 17:31:10.5677 DEBUG ПлательщикБИК 046614632
2020-10-25 17:31:10.5677 DEBUG ПлательщикКорсчет 30101810000000000632
2020-10-25 17:31:10.5677 DEBUG ПолучательСчет 40802810159300002828
2020-10-25 17:31:10.5837 DEBUG ПолучательИНН 673100193232
2020-10-25 17:31:10.5837 DEBUG Получатель ИНН 673100193232 ИП Левановский Андрей Васильевич
2020-10-25 17:31:10.5947 DEBUG Получатель1 ИП Левановский Андрей Васильевич
2020-10-25 17:31:10.5947 DEBUG ПолучательРасчСчет 40802810159300002828
2020-10-25 17:31:10.5947 DEBUG ПолучательБанк1 Отделение № 8609 Сбербанка России
2020-10-25 17:31:10.6107 DEBUG ПолучательБанк2 г.Смоленск
2020-10-25 17:31:10.6107 DEBUG ПолучательБИК 046614632
2020-10-25 17:31:10.6107 DEBUG ПолучательКорсчет 30101810000000000632
2020-10-25 17:31:10.6316 DEBUG ВидПлатежа Электронно
2020-10-25 17:31:10.6316 DEBUG ВидОплаты 01
2020-10-25 17:31:10.6486 DEBUG Очередность 5
2020-10-25 17:31:10.6586 DEBUG НазначениеПлатежа Оплата по счету № 011274 от 04.12.2014 г. за воду питьевую бутилированную.НДС не облагается
2020-10-25 17:31:10.6586 DEBUG НазначениеПлатежа1 Оплата по счету № 011274 от 04.12.2014 г. за воду
2020-10-25 17:31:10.6726 DEBUG НазначениеПлатежа2 питьевую бутилированную.НДС не облагается
2020-10-25 19:27:02.1835 DEBUG Version: 4.0.30319.42000
2020-10-25 19:27:02.2195 DEBUG OS: Microsoft Windows NT 6.2.9200.0
2020-10-25 19:27:02.2195 DEBUG Command: "C:\Read1C_financial_doc\ConsoleApp16\bin\x86\Debug\ConsoleApp16.exe" 
2020-10-25 19:27:02.2195 DEBUG Обнаружено 0 файлов
2020-10-25 19:27:21.2006 DEBUG Version: 4.0.30319.42000
2020-10-25 19:27:21.2376 DEBUG OS: Microsoft Windows NT 6.2.9200.0
2020-10-25 19:27:21.2376 DEBUG Command: "C:\Read1C_financial_doc\ConsoleApp16\bin\x86\Debug\ConsoleApp16.exe" 
2020-10-25 19:27:21.2526 DEBUG Обнаружено 0 файлов
2020-10-25 19:28:44.1789 DEBUG Корневая директория: C:\Temp1\
2020-10-25 19:28:44.2088 DEBUG Version: 4.0.30319.42000
2020-10-25 19:28:44.2208 DEBUG OS: Microsoft Windows NT 6.2.9200.0
2020-10-25 19:28:44.2208 DEBUG Command: "C:\Read1C_financial_doc\ConsoleApp16\bin\x86\Debug\ConsoleApp16.exe" 
2020-10-25 19:28:44.2208 DEBUG Обнаружено 3 файлов
2020-10-25 19:28:44.2378 DEBUG Обнаружен файл C:\Temp1\in\1c_102 — копия (2) — копия.txt
2020-10-25 19:28:44.2378 DEBUG Обнаружен файл C:\Temp1\in\1c_102 — копия (2).txt
2020-10-25 19:28:44.2378 DEBUG Обнаружен файл C:\Temp1\in\1c_102 — копия (3) — копия.txt
2020-10-25 19:28:44.2528 DEBUG Файл C:\Temp1\in\1c_102 — копия (2) — копия.txt
2020-10-25 19:28:44.2528 DEBUG Чтение данных
2020-10-25 19:28:44.2528 DEBUG ВерсияФормата 1.01
2020-10-25 19:28:44.2698 DEBUG Кодировка Windows
2020-10-25 19:28:44.2698 DEBUG Отправитель Номер 3
2020-10-25 19:28:44.2698 DEBUG Получатель Номер 1
2020-10-25 19:28:44.2858 DEBUG ДатаСоздания 17.02.2018
2020-10-25 19:28:44.2858 DEBUG ВремяСоздания 13:44:20
2020-10-25 19:28:44.2858 DEBUG ДатаНачала 17.02.2015
2020-10-25 19:28:44.3018 DEBUG ДатаКонца 17.02.2015
2020-10-25 19:28:44.3018 DEBUG РасчСчет 40703810159000001037
2020-10-25 19:28:44.3018 DEBUG Документ Платежное поручение
2020-10-25 19:28:44.3163 DEBUG СекцияДокумент Платежное поручение
2020-10-25 19:28:44.3163 DEBUG Номер 1
2020-10-25 19:28:44.3163 DEBUG Дата 17.02.2015
2020-10-25 19:28:44.3343 DEBUG Сумма 500.00
2020-10-25 19:28:44.3343 DEBUG ПлательщикСчет 40703810159000001037
2020-10-25 19:28:44.3463 DEBUG ПлательщикИНН 6730004930
2020-10-25 19:28:44.3463 DEBUG ПлательщикКПП 673001001
2020-10-25 19:28:44.3463 DEBUG Плательщик ИНН 6730004930\673001001 СОО ВОИ
2020-10-25 19:28:44.3623 DEBUG Плательщик1 СОО ВОИ
2020-10-25 19:28:44.3623 DEBUG ПлательщикРасчСчет 40703810159000001037
2020-10-25 19:28:44.3623 DEBUG ПлательщикБанк1 Отделение №8609 Сбербанка России
2020-10-25 19:28:44.3773 DEBUG ПлательщикБанк2 г. Смоленск, ул. Коммунистическая, д.8\5
2020-10-25 19:28:44.3773 DEBUG ПлательщикБИК 046614632
2020-10-25 19:28:44.3773 DEBUG ПлательщикКорсчет 30101810000000000632
2020-10-25 19:28:44.3942 DEBUG ПолучательСчет 40802810159300002828
2020-10-25 19:28:44.3942 DEBUG ПолучательИНН 673100193232
2020-10-25 19:28:44.3942 DEBUG Получатель ИНН 673100193232 ИП Левановский Андрей Васильевич
2020-10-25 19:28:44.4102 DEBUG Получатель1 ИП Левановский Андрей Васильевич
2020-10-25 19:28:44.4102 DEBUG ПолучательРасчСчет 40802810159300002828
2020-10-25 19:28:44.4102 DEBUG ПолучательБанк1 Отделение № 8609 Сбербанка России
2020-10-25 19:28:44.4262 DEBUG ПолучательБанк2 г.Смоленск
2020-10-25 19:28:44.4262 DEBUG ПолучательБИК 046614632
2020-10-25 19:28:44.4262 DEBUG ПолучательКорсчет 30101810000000000632
2020-10-25 19:28:44.4412 DEBUG ВидПлатежа Электронно
2020-10-25 19:28:44.4412 DEBUG ВидОплаты 01
2020-10-25 19:28:44.4412 DEBUG Очередность 5
2020-10-25 19:28:44.4592 DEBUG НазначениеПлатежа Оплата по счету № 011274 от 04.12.2014 г. за воду питьевую бутилированную.НДС не облагается
2020-10-25 19:28:44.4692 DEBUG НазначениеПлатежа1 Оплата по счету № 011274 от 04.12.2014 г. за воду
2020-10-25 19:28:44.4692 DEBUG НазначениеПлатежа2 питьевую бутилированную.НДС не облагается
2020-10-25 19:28:44.4692 DEBUG Файл C:\Temp1\in\1c_102 — копия (2).txt
2020-10-25 19:28:44.4932 DEBUG Чтение данных
2020-10-25 19:28:44.4932 DEBUG ВерсияФормата 1.01
2020-10-25 19:28:44.5052 DEBUG Кодировка Windows
2020-10-25 19:28:44.5052 DEBUG Отправитель Номер 3
2020-10-25 19:28:44.5052 DEBUG Получатель Номер 1
2020-10-25 19:28:44.5202 DEBUG ДатаСоздания 17.02.2018
2020-10-25 19:28:44.5202 DEBUG ВремяСоздания 13:44:20
2020-10-25 19:28:44.5202 DEBUG ДатаНачала 17.02.2015
2020-10-25 19:28:44.5332 DEBUG ДатаКонца 17.02.2015
2020-10-25 19:28:44.5332 DEBUG РасчСчет 40703810159000001037
2020-10-25 19:28:44.5332 DEBUG Документ Платежное поручение
2020-10-25 19:28:44.5481 DEBUG СекцияДокумент Платежное поручение
2020-10-25 19:28:44.5481 DEBUG Номер 1
2020-10-25 19:28:44.5481 DEBUG Дата 17.02.2015
2020-10-25 19:28:44.5481 DEBUG Сумма 500.00
2020-10-25 19:28:44.5671 DEBUG ПлательщикСчет 40703810159000001037
2020-10-25 19:28:44.5671 DEBUG ПлательщикИНН 6730004930
2020-10-25 19:28:44.5671 DEBUG ПлательщикКПП 673001001
2020-10-25 19:28:44.5821 DEBUG Плательщик ИНН 6730004930\673001001 СОО ВОИ
2020-10-25 19:28:44.5821 DEBUG Плательщик1 СОО ВОИ
2020-10-25 19:28:44.5821 DEBUG ПлательщикРасчСчет 40703810159000001037
2020-10-25 19:28:44.6001 DEBUG ПлательщикБанк1 Отделение №8609 Сбербанка России
2020-10-25 19:28:44.6001 DEBUG ПлательщикБанк2 г. Смоленск, ул. Коммунистическая, д.8\5
2020-10-25 19:28:44.6111 DEBUG ПлательщикБИК 046614632
2020-10-25 19:28:44.6111 DEBUG ПлательщикКорсчет 30101810000000000632
2020-10-25 19:28:44.6111 DEBUG ПолучательСчет 40802810159300002828
2020-10-25 19:28:44.6341 DEBUG ПолучательИНН 673100193232
2020-10-25 19:28:44.6341 DEBUG Получатель ИНН 673100193232 ИП Левановский Андрей Васильевич
2020-10-25 19:28:44.6461 DEBUG Получатель1 ИП Левановский Андрей Васильевич
2020-10-25 19:28:44.6461 DEBUG ПолучательРасчСчет 40802810159300002828
2020-10-25 19:28:44.6461 DEBUG ПолучательБанк1 Отделение № 8609 Сбербанка России
2020-10-25 19:28:44.6601 DEBUG ПолучательБанк2 г.Смоленск
2020-10-25 19:28:44.6601 DEBUG ПолучательБИК 046614632
2020-10-25 19:28:44.6601 DEBUG ПолучательКорсчет 30101810000000000632
2020-10-25 19:28:44.6751 DEBUG ВидПлатежа Электронно
2020-10-25 19:28:44.6751 DEBUG ВидОплаты 01
2020-10-25 19:28:44.6751 DEBUG Очередность 5
2020-10-25 19:28:44.6911 DEBUG НазначениеПлатежа Оплата по счету № 011274 от 04.12.2014 г. за воду питьевую бутилированную.НДС не облагается
2020-10-25 19:28:44.6911 DEBUG НазначениеПлатежа1 Оплата по счету № 011274 от 04.12.2014 г. за воду
2020-10-25 19:28:44.6911 DEBUG НазначениеПлатежа2 питьевую бутилированную.НДС не облагается
2020-10-25 19:28:44.7090 DEBUG Файл C:\Temp1\in\1c_102 — копия (3) — копия.txt
2020-10-25 19:28:44.7090 DEBUG Чтение данных
2020-10-25 19:28:44.7270 DEBUG ВерсияФормата 1.01
2020-10-25 19:28:44.7350 DEBUG Кодировка Windows
2020-10-25 19:28:44.7350 DEBUG Отправитель Номер 3
2020-10-25 19:28:44.7350 DEBUG Получатель Номер 1
2020-10-25 19:28:44.7510 DEBUG ДатаСоздания 17.02.2018
2020-10-25 19:28:44.7510 DEBUG ВремяСоздания 13:44:20
2020-10-25 19:28:44.7510 DEBUG ДатаНачала 17.02.2015
2020-10-25 19:28:44.7690 DEBUG ДатаКонца 17.02.2015
2020-10-25 19:28:44.7690 DEBUG РасчСчет 40703810159000001037
2020-10-25 19:28:44.7830 DEBUG Документ Платежное поручение
2020-10-25 19:28:44.7830 DEBUG СекцияДокумент Платежное поручение
2020-10-25 19:28:44.7830 DEBUG Номер 1
2020-10-25 19:28:44.8020 DEBUG Дата 17.02.2015
2020-10-25 19:28:44.8020 DEBUG Сумма 500.00
2020-10-25 19:28:44.8160 DEBUG ПлательщикСчет 40703810159000001037
2020-10-25 19:28:44.8160 DEBUG ПлательщикИНН 6730004930
2020-10-25 19:28:44.8310 DEBUG ПлательщикКПП 673001001
2020-10-25 19:28:44.8310 DEBUG Плательщик ИНН 6730004930\673001001 СОО ВОИ
2020-10-25 19:28:44.8310 DEBUG Плательщик1 СОО ВОИ
2020-10-25 19:28:44.8490 DEBUG ПлательщикРасчСчет 40703810159000001037
2020-10-25 19:28:44.8490 DEBUG ПлательщикБанк1 Отделение №8609 Сбербанка России
2020-10-25 19:28:44.8600 DEBUG ПлательщикБанк2 г. Смоленск, ул. Коммунистическая, д.8\5
2020-10-25 19:28:44.8600 DEBUG ПлательщикБИК 046614632
2020-10-25 19:28:44.8600 DEBUG ПлательщикКорсчет 30101810000000000632
2020-10-25 19:28:44.8600 DEBUG ПолучательСчет 40802810159300002828
2020-10-25 19:28:44.8809 DEBUG ПолучательИНН 673100193232
2020-10-25 19:28:44.8809 DEBUG Получатель ИНН 673100193232 ИП Левановский Андрей Васильевич
2020-10-25 19:28:44.8939 DEBUG Получатель1 ИП Левановский Андрей Васильевич
2020-10-25 19:28:44.8939 DEBUG ПолучательРасчСчет 40802810159300002828
2020-10-25 19:28:44.9109 DEBUG ПолучательБанк1 Отделение № 8609 Сбербанка России
2020-10-25 19:28:44.9109 DEBUG ПолучательБанк2 г.Смоленск
2020-10-25 19:28:44.9249 DEBUG ПолучательБИК 046614632
2020-10-25 19:28:44.9249 DEBUG ПолучательКорсчет 30101810000000000632
2020-10-25 19:28:44.9389 DEBUG ВидПлатежа Электронно
2020-10-25 19:28:44.9389 DEBUG ВидОплаты 01
2020-10-25 19:28:44.9389 DEBUG Очередность 5
2020-10-25 19:28:44.9579 DEBUG НазначениеПлатежа Оплата по счету № 011274 от 04.12.2014 г. за воду питьевую бутилированную.НДС не облагается
2020-10-25 19:28:44.9579 DEBUG НазначениеПлатежа1 Оплата по счету № 011274 от 04.12.2014 г. за воду
2020-10-25 19:28:44.9579 DEBUG НазначениеПлатежа2 питьевую бутилированную.НДС не облагается
